0 info it worked if it ends with ok
1 verbose cli [ 'C:\\Program Files\\nodejs\\\\node.exe',
1 verbose cli   'C:\\Program Files\\nodejs\\node_modules\\npm\\bin\\npm-cli.js',
1 verbose cli   'install',
1 verbose cli   '-g',
1 verbose cli   'apache-ant' ]
2 info using npm@1.4.9
3 info using node@v0.10.28
4 verbose node symlink C:\Program Files\nodejs\\node.exe
5 verbose cache add [ 'apache-ant', null ]
6 verbose cache add name=undefined spec="apache-ant" args=["apache-ant",null]
7 verbose parsed url { protocol: null,
7 verbose parsed url   slashes: null,
7 verbose parsed url   auth: null,
7 verbose parsed url   host: null,
7 verbose parsed url   port: null,
7 verbose parsed url   hostname: null,
7 verbose parsed url   hash: null,
7 verbose parsed url   search: null,
7 verbose parsed url   query: null,
7 verbose parsed url   pathname: 'apache-ant',
7 verbose parsed url   path: 'apache-ant',
7 verbose parsed url   href: 'apache-ant' }
8 silly lockFile 5e906ec7-apache-ant apache-ant
9 verbose lock apache-ant C:\Users\Kasidis\AppData\Roaming\npm-cache\5e906ec7-apache-ant.lock
10 silly lockFile 5e906ec7-apache-ant apache-ant
11 silly lockFile 5e906ec7-apache-ant apache-ant
12 verbose addNamed [ 'apache-ant', '' ]
13 verbose addNamed [ null, '*' ]
14 silly lockFile aa54d620-apache-ant apache-ant@
15 verbose lock apache-ant@ C:\Users\Kasidis\AppData\Roaming\npm-cache\aa54d620-apache-ant.lock
16 silly addNameRange { name: 'apache-ant', range: '*', hasData: false }
17 verbose url raw apache-ant
18 verbose url resolving [ 'https://registry.npmjs.org/', './apache-ant' ]
19 verbose url resolved https://registry.npmjs.org/apache-ant
20 info trying registry request attempt 1 at 19:02:45
21 http GET https://registry.npmjs.org/apache-ant
22 http 404 https://registry.npmjs.org/apache-ant
23 verbose headers { date: 'Thu, 05 Jun 2014 12:02:46 GMT',
23 verbose headers   server: 'CouchDB/1.5.0 (Erlang OTP/R16B)',
23 verbose headers   'content-type': 'application/json',
23 verbose headers   via: '1.1 varnish',
23 verbose headers   'cache-control': 'max-age=0',
23 verbose headers   'content-length': '52',
23 verbose headers   'accept-ranges': 'bytes',
23 verbose headers   age: '0',
23 verbose headers   'x-served-by': 'cache-v43-ASH, cache-sn88-SIN',
23 verbose headers   'x-cache': 'MISS, MISS',
23 verbose headers   'x-cache-hits': '0, 0',
23 verbose headers   'x-timer': 'S1401969765.871421,VS0,VE318',
23 verbose headers   'keep-alive': 'timeout=10, max=50',
23 verbose headers   connection: 'Keep-Alive' }
24 silly registry.get cb [ 404,
24 silly registry.get   { date: 'Thu, 05 Jun 2014 12:02:46 GMT',
24 silly registry.get     server: 'CouchDB/1.5.0 (Erlang OTP/R16B)',
24 silly registry.get     'content-type': 'application/json',
24 silly registry.get     via: '1.1 varnish',
24 silly registry.get     'cache-control': 'max-age=0',
24 silly registry.get     'content-length': '52',
24 silly registry.get     'accept-ranges': 'bytes',
24 silly registry.get     age: '0',
24 silly registry.get     'x-served-by': 'cache-v43-ASH, cache-sn88-SIN',
24 silly registry.get     'x-cache': 'MISS, MISS',
24 silly registry.get     'x-cache-hits': '0, 0',
24 silly registry.get     'x-timer': 'S1401969765.871421,VS0,VE318',
24 silly registry.get     'keep-alive': 'timeout=10, max=50',
24 silly registry.get     connection: 'Keep-Alive' } ]
25 silly lockFile aa54d620-apache-ant apache-ant@
26 silly lockFile aa54d620-apache-ant apache-ant@
27 error 404 404 Not Found: apache-ant
27 error 404
27 error 404 'apache-ant' is not in the npm registry.
27 error 404 You should bug the author to publish it
27 error 404
27 error 404 Note that you can also install from a
27 error 404 tarball, folder, or http url, or git url.
28 error System Windows_NT 6.2.9200
29 error command "C:\\Program Files\\nodejs\\\\node.exe" "C:\\Program Files\\nodejs\\node_modules\\npm\\bin\\npm-cli.js" "install" "-g" "apache-ant"
30 error cwd E:\Dropbox\Sheep\SheepIonic\www
31 error node -v v0.10.28
32 error npm -v 1.4.9
33 error code E404
34 verbose exit [ 1, true ]
